<?xml version="1.0" encoding="UTF-8"?>
<!-- Generated by org.testng.reporters.JUnitXMLReporter -->
<testsuite hostname="LAPTOP-SA9K52P0" ignored="0" name="Test" tests="2" failures="0" timestamp="2021-06-01T22:20:23 IST" time="0.269" errors="0">
  <testcase name="@BeforeClass openBrowser" time="0.041" classname="com.QBBcrm.genericlib.BaseTest">
    <failure type="java.io.FileNotFoundException" message="D:\eclipse workspace\Automation\AUTOMATION_FRAMEWORKS\QBBcrm\src\test\resources\Data\Config.properties (The system cannot find the path specified)">
      <![CDATA[java.io.FileNotFoundException: D:\eclipse workspace\Automation\AUTOMATION_FRAMEWORKS\QBBcrm\src\test\resources\Data\Config.properties (The system cannot find the path specified)
at java.io.FileInputStream.open0(Native Method)
at java.io.FileInputStream.open(Unknown Source)
at java.io.FileInputStream.<init>(Unknown Source)
at java.io.FileInputStream.<init>(Unknown Source)
at com.QBBcrm.genericlib.FileLib.readPropData(FileLib.java:12)
at com.QBBcrm.genericlib.BaseTest.openBrowser(BaseTest.java:14)
at java.util.ArrayList.forEach(Unknown Source)
... Removed 25 stack frames]]>
    </failure>
  </testcase> <!-- @BeforeClass openBrowser -->
  <testcase name="@BeforeClass openBrowser" time="0.0" classname="com.QBBcrm.genericlib.BaseTest">
    <failure type="java.io.FileNotFoundException" message="D:\eclipse workspace\Automation\AUTOMATION_FRAMEWORKS\QBBcrm\src\test\resources\Data\Config.properties (The system cannot find the path specified)">
      <![CDATA[java.io.FileNotFoundException: D:\eclipse workspace\Automation\AUTOMATION_FRAMEWORKS\QBBcrm\src\test\resources\Data\Config.properties (The system cannot find the path specified)
at java.io.FileInputStream.open0(Native Method)
at java.io.FileInputStream.open(Unknown Source)
at java.io.FileInputStream.<init>(Unknown Source)
at java.io.FileInputStream.<init>(Unknown Source)
at com.QBBcrm.genericlib.FileLib.readPropData(FileLib.java:12)
at com.QBBcrm.genericlib.BaseTest.openBrowser(BaseTest.java:14)
at java.util.ArrayList.forEach(Unknown Source)
... Removed 25 stack frames]]>
    </failure>
  </testcase> <!-- @BeforeClass openBrowser -->
  <testcase name="verifyOperationTest" time="0.0" classname="com.QBBcrm.Maneuver.VerifyOperationCreation">
    <skipped/>
  </testcase> <!-- verifyOperationTest -->
  <testcase name="loginToApp" time="0.0" classname="com.QBBcrm.Maneuver.ValidLoginTest">
    <skipped/>
  </testcase> <!-- loginToApp -->
</testsuite> <!-- Test -->
